 0.670999E-02 0.262708E-02 0.723000E-02 0.320981E-01
 0.104673E-01 0.299230E-02 0.572678E-02 0.492210E-01
 0.124850E-01 0.355952E-02 0.518297E-02 0.587569E-01
 0.125467E-01 0.419655E-02 0.450657E-02 0.600492E-01
 0.124346E-01 0.472490E-02 0.377602E-02 0.589493E-01
 0.119382E-01 0.506771E-02 0.358446E-02 0.558756E-01
 0.117726E-01 0.523778E-02 0.353502E-02 0.541266E-01
 0.118369E-01 0.528722E-02 0.339556E-02 0.536199E-01
 0.113855E-01 0.520759E-02 0.347761E-02 0.507247E-01
 0.111842E-01 0.499916E-02 0.356872E-02 0.498681E-01
 0.111819E-01 0.470284E-02 0.373697E-02 0.498705E-01
 0.113536E-01 0.435000E-02 0.418146E-02 0.506949E-01
 0.115744E-01 0.397105E-02 0.453083E-02 0.518849E-01
 0.117178E-01 0.360457E-02 0.461993E-02 0.528997E-01
 0.119484E-01 0.328217E-02 0.462405E-02 0.542029E-01
 0.119855E-01 0.308481E-02 0.465724E-02 0.547618E-01
 0.115347E-01 0.308196E-02 0.461425E-02 0.530247E-01
 0.105821E-01 0.304165E-02 0.455314E-02 0.487912E-01
 0.950939E-02 0.297953E-02 0.442691E-02 0.440484E-01
 0.910720E-02 0.290679E-02 0.415637E-02 0.420792E-01
 0.942061E-02 0.284932E-02 0.380112E-02 0.430705E-01
 0.935608E-02 0.290323E-02 0.343359E-02 0.422107E-01
 0.867291E-02 0.293420E-02 0.313485E-02 0.386091E-01
 0.772496E-02 0.290759E-02 0.291440E-02 0.333958E-01
 0.688684E-02 0.283252E-02 0.277152E-02 0.284757E-01
 0.705601E-02 0.272271E-02 0.271058E-02 0.277807E-01
 0.770396E-02 0.261015E-02 0.270035E-02 0.301884E-01
 0.810987E-02 0.259666E-02 0.276654E-02 0.317267E-01
 0.822261E-02 0.259535E-02 0.284265E-02 0.326173E-01
 0.814884E-02 0.255162E-02 0.290470E-02 0.328819E-01
 0.792005E-02 0.247178E-02 0.295493E-02 0.324818E-01
 0.760173E-02 0.238217E-02 0.298066E-02 0.313881E-01
 0.721861E-02 0.228819E-02 0.296433E-02 0.298028E-01
 0.690880E-02 0.220447E-02 0.292213E-02 0.282292E-01
 0.660723E-02 0.213254E-02 0.284453E-02 0.269613E-01
 0.636301E-02 0.206855E-02 0.275713E-02 0.259824E-01
 0.612356E-02 0.200638E-02 0.265925E-02 0.250716E-01
 0.584012E-02 0.193959E-02 0.256486E-02 0.239047E-01
 0.559020E-02 0.187990E-02 0.247530E-02 0.227065E-01
 0.546603E-02 0.182620E-02 0.239204E-02 0.228090E-01
 0.552228E-02 0.176851E-02 0.231116E-02 0.236094E-01
 0.569351E-02 0.170883E-02 0.223580E-02 0.245602E-01
 0.588953E-02 0.164502E-02 0.217279E-02 0.254693E-01
 0.605373E-02 0.158722E-02 0.214106E-02 0.262079E-01
 0.615477E-02 0.153131E-02 0.213390E-02 0.266932E-01
 0.619185E-02 0.148284E-02 0.213293E-02 0.269440E-01
 0.616110E-02 0.143354E-02 0.212582E-02 0.268140E-01
 0.605382E-02 0.138912E-02 0.211529E-02 0.262767E-01
 0.587749E-02 0.134999E-02 0.209282E-02 0.253932E-01
 0.566121E-02 0.132030E-02 0.207010E-02 0.242501E-01
 0.541774E-02 0.130492E-02 0.203716E-02 0.229141E-01
 0.517657E-02 0.130021E-02 0.199025E-02 0.215096E-01
 0.496445E-02 0.130479E-02 0.193302E-02 0.201523E-01
 0.480907E-02 0.130568E-02 0.187051E-02 0.190850E-01
 0.472485E-02 0.130476E-02 0.180929E-02 0.186174E-01
 0.470414E-02 0.129407E-02 0.175449E-02 0.186586E-01
 0.474417E-02 0.127972E-02 0.170917E-02 0.190072E-01
 0.478913E-02 0.125788E-02 0.167304E-02 0.193596E-01
 0.479810E-02 0.123391E-02 0.165099E-02 0.195276E-01
 0.476046E-02 0.120677E-02 0.163667E-02 0.194872E-01
 0.467751E-02 0.118241E-02 0.162677E-02 0.192397E-01
 0.455975E-02 0.115943E-02 0.161638E-02 0.188486E-01
 0.442572E-02 0.113948E-02 0.159628E-02 0.184070E-01
 0.430244E-02 0.112230E-02 0.156415E-02 0.180017E-01
 0.420736E-02 0.110815E-02 0.151792E-02 0.177240E-01
 0.414314E-02 0.109477E-02 0.145378E-02 0.175431E-01
 0.411820E-02 0.108330E-02 0.137610E-02 0.174593E-01
 0.413552E-02 0.107075E-02 0.129816E-02 0.174131E-01
 0.417618E-02 0.105966E-02 0.123385E-02 0.173690E-01
 0.421075E-02 0.104484E-02 0.117699E-02 0.172954E-01
 0.420461E-02 0.102373E-02 0.112752E-02 0.171018E-01
 0.416902E-02 0.997880E-03 0.108659E-02 0.168244E-01
 0.410152E-02 0.966940E-03 0.105808E-02 0.164506E-01
 0.402079E-02 0.930654E-03 0.104395E-02 0.160679E-01
 0.393522E-02 0.888642E-03 0.104415E-02 0.156695E-01
 0.386173E-02 0.841449E-03 0.105318E-02 0.153036E-01
 0.380176E-02 0.788868E-03 0.106424E-02 0.150250E-01
 0.375524E-02 0.737744E-03 0.107196E-02 0.149001E-01
 0.370615E-02 0.695107E-03 0.106899E-02 0.148516E-01
 0.366368E-02 0.667673E-03 0.105589E-02 0.148678E-01
 0.362374E-02 0.658541E-03 0.103011E-02 0.149229E-01
 0.359446E-02 0.663336E-03 0.990388E-03 0.150022E-01
 0.357781E-02 0.676126E-03 0.944433E-03 0.151193E-01
 0.356859E-02 0.694318E-03 0.904311E-03 0.152118E-01
 0.356331E-02 0.713843E-03 0.871188E-03 0.153131E-01
 0.355665E-02 0.731968E-03 0.839759E-03 0.153961E-01
 0.355656E-02 0.746613E-03 0.810758E-03 0.154713E-01
 0.355226E-02 0.756685E-03 0.786186E-03 0.155385E-01
 0.354721E-02 0.762709E-03 0.765923E-03 0.155718E-01
 0.354033E-02 0.763985E-03 0.749788E-03 0.155711E-01
 0.352295E-02 0.762402E-03 0.734714E-03 0.155069E-01
 0.349718E-02 0.757763E-03 0.717712E-03 0.153757E-01
 0.345710E-02 0.747510E-03 0.699516E-03 0.151924E-01
 0.341055E-02 0.731153E-03 0.688731E-03 0.149679E-01
 0.335682E-02 0.709961E-03 0.684006E-03 0.147155E-01
 0.329741E-02 0.691920E-03 0.680044E-03 0.144754E-01
 0.324676E-02 0.678322E-03 0.675502E-03 0.142777E-01
 0.320084E-02 0.664909E-03 0.668386E-03 0.140854E-01
 0.317250E-02 0.650226E-03 0.657549E-03 0.139004E-01
 0.315844E-02 0.632499E-03 0.643820E-03 0.137870E-01
 0.314409E-02 0.610320E-03 0.628448E-03 0.136834E-01
 0.312716E-02 0.584038E-03 0.612064E-03 0.135479E-01
 0.310285E-02 0.554272E-03 0.594773E-03 0.133784E-01
 0.306916E-02 0.522757E-03 0.577772E-03 0.131624E-01
 0.302260E-02 0.493582E-03 0.562276E-03 0.128845E-01
 0.296414E-02 0.465368E-03 0.549141E-03 0.125445E-01
 0.289117E-02 0.437568E-03 0.539125E-03 0.121395E-01
 0.280416E-02 0.413612E-03 0.531908E-03 0.116659E-01
 0.270803E-02 0.404926E-03 0.526922E-03 0.111536E-01
 0.261288E-02 0.405330E-03 0.523823E-03 0.106238E-01
 0.253142E-02 0.408506E-03 0.526645E-03 0.101305E-01
 0.247830E-02 0.409854E-03 0.532189E-03 0.972585E-02
 0.245746E-02 0.406858E-03 0.535327E-03 0.952200E-02
 0.246899E-02 0.399018E-03 0.535206E-03 0.952472E-02
 0.249807E-02 0.386865E-03 0.529515E-03 0.964910E-02
 0.254082E-02 0.371047E-03 0.517624E-03 0.985010E-02
 0.258397E-02 0.352904E-03 0.501298E-03 0.100714E-01
 0.262086E-02 0.333979E-03 0.483253E-03 0.102839E-01
 0.264817E-02 0.315896E-03 0.465477E-03 0.104512E-01
 0.265542E-02 0.300878E-03 0.450613E-03 0.105195E-01
 0.264251E-02 0.290939E-03 0.439758E-03 0.104973E-01
 0.260610E-02 0.287641E-03 0.433698E-03 0.103658E-01
 0.254805E-02 0.288303E-03 0.433316E-03 0.101186E-01
 0.247053E-02 0.291467E-03 0.437892E-03 0.978781E-02
 0.237898E-02 0.296442E-03 0.446218E-03 0.938209E-02
 0.228011E-02 0.302755E-03 0.456722E-03 0.894774E-02
 0.218554E-02 0.309917E-03 0.467431E-03 0.855001E-02
 0.211194E-02 0.318002E-03 0.476791E-03 0.825633E-02
 0.206623E-02 0.325241E-03 0.482224E-03 0.808658E-02
 0.204540E-02 0.329807E-03 0.484114E-03 0.803848E-02
 0.204521E-02 0.331182E-03 0.480174E-03 0.810176E-02
 0.205840E-02 0.329238E-03 0.469515E-03 0.823788E-02
 0.208118E-02 0.323648E-03 0.451535E-03 0.841357E-02
 0.210422E-02 0.314382E-03 0.428078E-03 0.858380E-02
 0.212386E-02 0.301925E-03 0.402684E-03 0.873587E-02
 0.213776E-02 0.287224E-03 0.380049E-03 0.883897E-02
 0.214301E-02 0.276277E-03 0.363028E-03 0.889771E-02
 0.213112E-02 0.271342E-03 0.353928E-03 0.888875E-02
 0.211769E-02 0.274280E-03 0.352202E-03 0.884575E-02
 0.208991E-02 0.278977E-03 0.357500E-03 0.875925E-02
 0.205912E-02 0.283023E-03 0.368193E-03 0.865221E-02
 0.202324E-02 0.284806E-03 0.382231E-03 0.853515E-02
 0.198520E-02 0.284521E-03 0.397402E-03 0.842663E-02
 0.195434E-02 0.284491E-03 0.411414E-03 0.831102E-02
 0.192624E-02 0.287019E-03 0.422320E-03 0.819585E-02
 0.190178E-02 0.291150E-03 0.428786E-03 0.809636E-02
 0.188406E-02 0.296011E-03 0.429930E-03 0.800580E-02
 0.187556E-02 0.300020E-03 0.425067E-03 0.792657E-02
 0.187847E-02 0.302300E-03 0.412944E-03 0.790936E-02
 0.190271E-02 0.301011E-03 0.394211E-03 0.797566E-02
 0.193438E-02 0.296112E-03 0.369791E-03 0.812051E-02
 0.196072E-02 0.288008E-03 0.341336E-03 0.825431E-02
 0.197470E-02 0.276894E-03 0.321560E-03 0.834689E-02
 0.196914E-02 0.263134E-03 0.311042E-03 0.835892E-02
 0.194243E-02 0.247536E-03 0.309326E-03 0.827621E-02
 0.189153E-02 0.232280E-03 0.313844E-03 0.808107E-02
 0.181680E-02 0.219263E-03 0.323045E-03 0.777332E-02
 0.172125E-02 0.208496E-03 0.335238E-03 0.734987E-02
 0.161456E-02 0.201726E-03 0.348808E-03 0.683263E-02
 0.150803E-02 0.198725E-03 0.362107E-03 0.628904E-02
 0.143810E-02 0.196097E-03 0.373536E-03 0.588031E-02
 0.139786E-02 0.193464E-03 0.381469E-03 0.560368E-02
 0.139338E-02 0.190126E-03 0.385025E-03 0.553023E-02
 0.142252E-02 0.186181E-03 0.383723E-03 0.563271E-02
 0.146890E-02 0.181354E-03 0.377345E-03 0.584468E-02
 0.152169E-02 0.176135E-03 0.364862E-03 0.609580E-02
 0.157336E-02 0.170053E-03 0.346367E-03 0.635212E-02
 0.162235E-02 0.163823E-03 0.322980E-03 0.659106E-02
 0.166514E-02 0.160205E-03 0.301088E-03 0.680203E-02
 0.170206E-02 0.159408E-03 0.284557E-03 0.696849E-02
 0.172729E-02 0.160149E-03 0.275462E-03 0.707211E-02
 0.173417E-02 0.160059E-03 0.275144E-03 0.708255E-02
 0.172143E-02 0.158820E-03 0.281712E-03 0.699540E-02
 0.168962E-02 0.158246E-03 0.292689E-03 0.682380E-02
 0.164266E-02 0.158241E-03 0.306498E-03 0.657833E-02
 0.158515E-02 0.158038E-03 0.321520E-03 0.628844E-02
 0.152460E-02 0.157251E-03 0.335824E-03 0.599183E-02
 0.146568E-02 0.155711E-03 0.348026E-03 0.571963E-02
 0.141588E-02 0.153207E-03 0.356907E-03 0.550189E-02
 0.137859E-02 0.150994E-03 0.360840E-03 0.536626E-02
 0.136242E-02 0.150323E-03 0.359196E-03 0.533441E-02
 0.136961E-02 0.149616E-03 0.351451E-03 0.541550E-02
 0.138962E-02 0.147847E-03 0.337063E-03 0.556065E-02
 0.141426E-02 0.145181E-03 0.316653E-03 0.572946E-02
 0.143816E-02 0.141447E-03 0.292257E-03 0.589513E-02
 0.145809E-02 0.136813E-03 0.270974E-03 0.603339E-02
 0.147004E-02 0.131259E-03 0.253464E-03 0.612816E-02
 0.146662E-02 0.125039E-03 0.241663E-03 0.614789E-02
 0.145110E-02 0.119653E-03 0.237181E-03 0.609830E-02
 0.141856E-02 0.116946E-03 0.240301E-03 0.595910E-02
 0.137754E-02 0.114759E-03 0.249340E-03 0.575147E-02
 0.133235E-02 0.112462E-03 0.261867E-03 0.553884E-02
 0.129582E-02 0.110184E-03 0.276049E-03 0.535832E-02
 0.127486E-02 0.107992E-03 0.289873E-03 0.523950E-02
 0.126621E-02 0.105793E-03 0.301548E-03 0.516485E-02
 0.126598E-02 0.104886E-03 0.310080E-03 0.512755E-02
 0.127356E-02 0.107036E-03 0.313895E-03 0.512705E-02
 0.128723E-02 0.111930E-03 0.313039E-03 0.515860E-02
 0.130783E-02 0.118620E-03 0.306479E-03 0.523183E-02
 0.133578E-02 0.124967E-03 0.293930E-03 0.534727E-02
 0.136869E-02 0.130479E-03 0.276083E-03 0.549529E-02
 0.139876E-02 0.135828E-03 0.256659E-03 0.563965E-02
 0.141964E-02 0.141886E-03 0.240091E-03 0.574240E-02
 0.142522E-02 0.150377E-03 0.226642E-03 0.577971E-02
 0.141532E-02 0.160368E-03 0.217901E-03 0.574511E-02
 0.138824E-02 0.169779E-03 0.214427E-03 0.563061E-02
 0.134696E-02 0.177906E-03 0.215815E-03 0.543580E-02
 0.129366E-02 0.184214E-03 0.221036E-03 0.518649E-02
 0.123543E-02 0.188432E-03 0.228927E-03 0.492286E-02
 0.117351E-02 0.190631E-03 0.238493E-03 0.466591E-02
 0.111873E-02 0.190924E-03 0.247936E-03 0.444968E-02
 0.107843E-02 0.189331E-03 0.255845E-03 0.428113E-02
 0.104989E-02 0.186901E-03 0.261169E-03 0.415981E-02
 0.103146E-02 0.185847E-03 0.263050E-03 0.408553E-02
 0.102342E-02 0.185990E-03 0.261323E-03 0.406274E-02
 0.102637E-02 0.184428E-03 0.255323E-03 0.408994E-02
 0.104149E-02 0.180936E-03 0.244733E-03 0.417492E-02
 0.107019E-02 0.175663E-03 0.230104E-03 0.432695E-02
 0.109978E-02 0.168691E-03 0.214561E-03 0.449617E-02
 0.112536E-02 0.161427E-03 0.201996E-03 0.464680E-02
 0.114594E-02 0.156470E-03 0.192178E-03 0.476101E-02
 0.115665E-02 0.157673E-03 0.186146E-03 0.483367E-02
 0.115790E-02 0.164661E-03 0.184333E-03 0.485811E-02
 0.114785E-02 0.172589E-03 0.186712E-03 0.481333E-02
 0.112796E-02 0.179514E-03 0.192121E-03 0.470088E-02
 0.110301E-02 0.184732E-03 0.199362E-03 0.456505E-02
 0.107648E-02 0.187955E-03 0.207487E-03 0.444174E-02
 0.105418E-02 0.189014E-03 0.215296E-03 0.434805E-02
 0.103500E-02 0.187888E-03 0.221835E-03 0.428235E-02
 0.102029E-02 0.184833E-03 0.225982E-03 0.424353E-02
 0.100921E-02 0.180770E-03 0.227382E-03 0.422706E-02
 0.100217E-02 0.180048E-03 0.225619E-03 0.422811E-02
 0.998356E-03 0.180818E-03 0.219905E-03 0.423968E-02
 0.998402E-03 0.179685E-03 0.210093E-03 0.426240E-02
 0.100430E-02 0.176915E-03 0.196503E-03 0.430005E-02
 0.101256E-02 0.173087E-03 0.182480E-03 0.435220E-02
 0.101777E-02 0.168462E-03 0.171348E-03 0.439428E-02
 0.101809E-02 0.162784E-03 0.162979E-03 0.441536E-02
 0.101337E-02 0.156217E-03 0.158567E-03 0.440823E-02
 0.100281E-02 0.148953E-03 0.158364E-03 0.436957E-02
 0.984208E-03 0.142384E-03 0.162411E-03 0.429433E-02
 0.959918E-03 0.137790E-03 0.169393E-03 0.419204E-02
 0.934176E-03 0.134265E-03 0.178022E-03 0.406447E-02
 0.911144E-03 0.131575E-03 0.187273E-03 0.391798E-02
 0.891458E-03 0.129711E-03 0.196090E-03 0.377465E-02
 0.873664E-03 0.128482E-03 0.203229E-03 0.364487E-02
 0.859646E-03 0.127830E-03 0.207939E-03 0.354093E-02
 0.851154E-03 0.127458E-03 0.209429E-03 0.347200E-02
 0.849902E-03 0.126913E-03 0.207633E-03 0.344507E-02
 0.856396E-03 0.126261E-03 0.202081E-03 0.346494E-02
 0.868820E-03 0.125715E-03 0.192411E-03 0.351857E-02
 0.882927E-03 0.125250E-03 0.179178E-03 0.358791E-02
 0.896149E-03 0.124987E-03 0.166290E-03 0.365232E-02
 0.903829E-03 0.125117E-03 0.155729E-03 0.369821E-02
 0.904729E-03 0.125667E-03 0.147856E-03 0.370761E-02
 0.896371E-03 0.126334E-03 0.143412E-03 0.367410E-02
 0.879127E-03 0.126957E-03 0.142287E-03 0.359443E-02
 0.852861E-03 0.127316E-03 0.144276E-03 0.346633E-02
 0.821841E-03 0.127512E-03 0.148689E-03 0.330902E-02
 0.787179E-03 0.127882E-03 0.154532E-03 0.314831E-02
 0.754057E-03 0.128506E-03 0.161281E-03 0.299740E-02
 0.724720E-03 0.129122E-03 0.167710E-03 0.286904E-02
 0.701861E-03 0.129268E-03 0.172951E-03 0.277036E-02
 0.685687E-03 0.128719E-03 0.176407E-03 0.270280E-02
 0.676281E-03 0.127559E-03 0.177214E-03 0.266963E-02
 0.673909E-03 0.126208E-03 0.175189E-03 0.267289E-02
 0.679737E-03 0.124653E-03 0.170186E-03 0.271355E-02
 0.692421E-03 0.122860E-03 0.161865E-03 0.278642E-02
 0.707853E-03 0.121015E-03 0.150520E-03 0.287709E-02
 0.721530E-03 0.119154E-03 0.139987E-03 0.296280E-02
 0.730058E-03 0.117223E-03 0.131547E-03 0.302608E-02
 0.732729E-03 0.115298E-03 0.125374E-03 0.305933E-02
 0.728905E-03 0.113566E-03 0.121924E-03 0.305707E-02
 0.717879E-03 0.112343E-03 0.121280E-03 0.301855E-02
 0.703087E-03 0.112839E-03 0.123358E-03 0.294270E-02
 0.685767E-03 0.113939E-03 0.127319E-03 0.287327E-02
 0.672605E-03 0.114544E-03 0.132384E-03 0.282673E-02
 0.665040E-03 0.114200E-03 0.137761E-03 0.279747E-02
 0.660722E-03 0.112738E-03 0.142609E-03 0.278551E-02
 0.659455E-03 0.110329E-03 0.146196E-03 0.278852E-02
 0.660550E-03 0.108009E-03 0.148200E-03 0.280228E-02
 0.662871E-03 0.107868E-03 0.148074E-03 0.282484E-02
 0.666176E-03 0.109514E-03 0.145624E-03 0.284964E-02
 0.669850E-03 0.110254E-03 0.140812E-03 0.287471E-02
 0.673212E-03 0.109905E-03 0.133461E-03 0.289666E-02
 0.676457E-03 0.108884E-03 0.124037E-03 0.291520E-02
 0.679019E-03 0.107323E-03 0.116242E-03 0.293025E-02
 0.679408E-03 0.105107E-03 0.110321E-03 0.293695E-02
 0.675377E-03 0.102204E-03 0.106447E-03 0.292681E-02
 0.665533E-03 0.984444E-04 0.104974E-03 0.289183E-02
 0.649734E-03 0.939472E-04 0.105688E-03 0.282992E-02
 0.627909E-03 0.887763E-04 0.108517E-03 0.273990E-02
 0.602238E-03 0.831484E-04 0.112931E-03 0.262424E-02
 0.574539E-03 0.779713E-04 0.117957E-03 0.248754E-02
 0.550598E-03 0.750380E-04 0.123036E-03 0.235329E-02
 0.531164E-03 0.728972E-04 0.127474E-03 0.224270E-02
 0.516157E-03 0.710766E-04 0.130746E-03 0.215525E-02
 0.506982E-03 0.693466E-04 0.132560E-03 0.209515E-02
 0.503477E-03 0.678707E-04 0.132436E-03 0.206580E-02
 0.506382E-03 0.666912E-04 0.130185E-03 0.207014E-02
 0.514766E-03 0.657926E-04 0.125638E-03 0.210479E-02
 0.525994E-03 0.652057E-04 0.118680E-03 0.215679E-02
 0.537135E-03 0.648611E-04 0.110056E-03 0.221284E-02
 0.546795E-03 0.648709E-04 0.102991E-03 0.226179E-02
 0.553654E-03 0.653687E-04 0.972967E-04 0.229829E-02
 0.556169E-03 0.662094E-04 0.934463E-04 0.231236E-02
 0.553852E-03 0.673299E-04 0.916725E-04 0.229871E-02
 0.546361E-03 0.687191E-04 0.919111E-04 0.225314E-02
 0.533931E-03 0.700602E-04 0.940744E-04 0.217747E-02
 0.517745E-03 0.709962E-04 0.976601E-04 0.208919E-02
 0.499008E-03 0.716404E-04 0.102015E-03 0.199318E-02
 0.479157E-03 0.721436E-04 0.106563E-03 0.189475E-02
 0.459744E-03 0.725350E-04 0.110803E-03 0.180221E-02
 0.441632E-03 0.726594E-04 0.114077E-03 0.172091E-02
 0.426579E-03 0.724824E-04 0.116045E-03 0.165769E-02
 0.415270E-03 0.719934E-04 0.116343E-03 0.162650E-02
 0.412981E-03 0.711045E-04 0.114644E-03 0.164033E-02
 0.418390E-03 0.698119E-04 0.110700E-03 0.167893E-02
 0.427992E-03 0.681305E-04 0.104553E-03 0.173605E-02
 0.438030E-03 0.661733E-04 0.969312E-04 0.179674E-02
 0.446296E-03 0.641463E-04 0.904935E-04 0.184908E-02
 0.451659E-03 0.622724E-04 0.850153E-04 0.188569E-02
 0.452938E-03 0.605099E-04 0.808626E-04 0.190059E-02
 0.449350E-03 0.589390E-04 0.783422E-04 0.188843E-02
 0.441492E-03 0.575648E-04 0.775291E-04 0.184824E-02
 0.431009E-03 0.571220E-04 0.785446E-04 0.179149E-02
 0.418138E-03 0.572964E-04 0.810816E-04 0.173280E-02
 0.404705E-03 0.571284E-04 0.843406E-04 0.167277E-02
 0.392306E-03 0.564394E-04 0.877803E-04 0.161732E-02
 0.383335E-03 0.551557E-04 0.909429E-04 0.157126E-02
 0.380005E-03 0.536866E-04 0.933091E-04 0.154729E-02
 0.380004E-03 0.530829E-04 0.944938E-04 0.154445E-02
 0.382030E-03 0.535296E-04 0.942750E-04 0.155303E-02
 0.385973E-03 0.544074E-04 0.925697E-04 0.156958E-02
 0.390967E-03 0.551012E-04 0.891322E-04 0.159331E-02
 0.397009E-03 0.552822E-04 0.839385E-04 0.162233E-02
 0.403635E-03 0.548802E-04 0.779688E-04 0.165485E-02
 0.409716E-03 0.536970E-04 0.732772E-04 0.168728E-02
 0.413724E-03 0.518355E-04 0.697699E-04 0.171103E-02
 0.414472E-03 0.494299E-04 0.676074E-04 0.172203E-02
 0.410840E-03 0.467327E-04 0.668399E-04 0.171409E-02
 0.402990E-03 0.442548E-04 0.672813E-04 0.168474E-02
 0.391039E-03 0.420144E-04 0.688397E-04 0.163233E-02
 0.376676E-03 0.404328E-04 0.711450E-04 0.155805E-02
 0.360856E-03 0.396982E-04 0.738809E-04 0.147480E-02
 0.344836E-03 0.393796E-04 0.765659E-04 0.139204E-02
 0.329715E-03 0.392213E-04 0.788275E-04 0.131872E-02
 0.318027E-03 0.391625E-04 0.803823E-04 0.126687E-02
 0.314285E-03 0.392172E-04 0.809515E-04 0.124656E-02
 0.314896E-03 0.391110E-04 0.803350E-04 0.124612E-02
 0.319575E-03 0.387345E-04 0.784766E-04 0.126709E-02
 0.328066E-03 0.382299E-04 0.753170E-04 0.130535E-02
 0.338650E-03 0.378711E-04 0.707772E-04 0.135412E-02
 0.348596E-03 0.377381E-04 0.656628E-04 0.140129E-02
 0.356327E-03 0.378479E-04 0.617401E-04 0.144030E-02
 0.361042E-03 0.380982E-04 0.587509E-04 0.146500E-02
 0.362676E-03 0.385299E-04 0.568735E-04 0.147472E-02
 0.361335E-03 0.391952E-04 0.562148E-04 0.146798E-02
 0.357949E-03 0.399290E-04 0.566967E-04 0.144844E-02
 0.352474E-03 0.406361E-04 0.582057E-04 0.141695E-02
 0.344616E-03 0.411533E-04 0.605324E-04 0.137319E-02
 0.335417E-03 0.414106E-04 0.631744E-04 0.132676E-02
 0.325717E-03 0.414137E-04 0.658167E-04 0.128059E-02
 0.316419E-03 0.411400E-04 0.681297E-04 0.123944E-02
 0.308782E-03 0.406220E-04 0.697995E-04 0.120752E-02
 0.303301E-03 0.403503E-04 0.705999E-04 0.118938E-02
 0.299987E-03 0.405777E-04 0.703923E-04 0.118400E-02
 0.299146E-03 0.411526E-04 0.690324E-04 0.119115E-02
 0.300542E-03 0.415309E-04 0.664582E-04 0.121018E-02
 0.303885E-03 0.415708E-04 0.624879E-04 0.123642E-02
 0.307385E-03 0.412369E-04 0.577929E-04 0.126474E-02
 0.310088E-03 0.405076E-04 0.539563E-04 0.128784E-02
 0.311020E-03 0.394002E-04 0.508200E-04 0.130073E-02
 0.309317E-03 0.379518E-04 0.486019E-04 0.130093E-02
 0.305137E-03 0.362073E-04 0.475221E-04 0.128738E-02
 0.299151E-03 0.342599E-04 0.476468E-04 0.126337E-02
 0.292407E-03 0.322771E-04 0.489645E-04 0.123235E-02
 0.285083E-03 0.303983E-04 0.511100E-04 0.119542E-02
 0.279761E-03 0.286195E-04 0.535752E-04 0.116735E-02
 0.276463E-03 0.270895E-04 0.560618E-04 0.114570E-02
 0.273980E-03 0.258556E-04 0.583290E-04 0.112673E-02
 0.272241E-03 0.248749E-04 0.599872E-04 0.111288E-02
 0.271699E-03 0.241226E-04 0.608573E-04 0.110450E-02
 0.272528E-03 0.236151E-04 0.607714E-04 0.110362E-02
 0.274493E-03 0.235651E-04 0.596779E-04 0.111021E-02
 0.277980E-03 0.240265E-04 0.574503E-04 0.112329E-02
 0.282183E-03 0.249894E-04 0.540312E-04 0.114119E-02
 0.286259E-03 0.264049E-04 0.502570E-04 0.115872E-02
 0.289140E-03 0.281168E-04 0.471842E-04 0.117199E-02
 0.290200E-03 0.298736E-04 0.446940E-04 0.117748E-02
 0.288895E-03 0.315552E-04 0.429563E-04 0.117148E-02
 0.284680E-03 0.330844E-04 0.420810E-04 0.115259E-02
 0.277895E-03 0.343961E-04 0.420948E-04 0.111860E-02
 0.269398E-03 0.355184E-04 0.428003E-04 0.107479E-02
 0.259821E-03 0.363809E-04 0.440160E-04 0.102856E-02
 0.250204E-03 0.369977E-04 0.455055E-04 0.984086E-03
 0.240785E-03 0.374789E-04 0.470168E-04 0.940316E-03
 0.232065E-03 0.379961E-04 0.482937E-04 0.902766E-03
 0.224711E-03 0.387134E-04 0.491960E-04 0.870372E-03
 0.218448E-03 0.395798E-04 0.495047E-04 0.845383E-03
 0.214028E-03 0.402731E-04 0.490564E-04 0.833543E-03
 0.213518E-03 0.406898E-04 0.478158E-04 0.834669E-03
 0.215797E-03 0.408221E-04 0.457724E-04 0.844817E-03
 0.219978E-03 0.406314E-04 0.428931E-04 0.864057E-03
 0.224269E-03 0.401433E-04 0.398481E-04 0.886343E-03
 0.227540E-03 0.393275E-04 0.376177E-04 0.905142E-03
 0.228951E-03 0.381971E-04 0.359644E-04 0.916581E-03
 0.228058E-03 0.368610E-04 0.349585E-04 0.917833E-03
 0.225401E-03 0.353699E-04 0.346124E-04 0.911302E-03
 0.221133E-03 0.340411E-04 0.349147E-04 0.895300E-03
 0.216425E-03 0.332213E-04 0.357548E-04 0.872466E-03
 0.212688E-03 0.331926E-04 0.369870E-04 0.852300E-03
 0.209971E-03 0.334206E-04 0.383784E-04 0.837897E-03
 0.207739E-03 0.335804E-04 0.397419E-04 0.829585E-03
 0.206477E-03 0.335333E-04 0.408911E-04 0.827797E-03
 0.206346E-03 0.332583E-04 0.416626E-04 0.832566E-03
 0.207083E-03 0.327301E-04 0.419295E-04 0.843584E-03
 0.208654E-03 0.321803E-04 0.415836E-04 0.857954E-03
 0.210561E-03 0.319352E-04 0.405654E-04 0.874121E-03
 0.212921E-03 0.323829E-04 0.388488E-04 0.890876E-03
 0.215280E-03 0.330189E-04 0.364156E-04 0.907609E-03
 0.217686E-03 0.333842E-04 0.338790E-04 0.923139E-03
 0.219305E-03 0.334063E-04 0.319852E-04 0.935083E-03
 0.219579E-03 0.330623E-04 0.305296E-04 0.940455E-03
 0.218229E-03 0.323729E-04 0.296267E-04 0.938313E-03
 0.215262E-03 0.313336E-04 0.292885E-04 0.929246E-03
 0.211070E-03 0.299932E-04 0.295818E-04 0.914057E-03
 0.205932E-03 0.284028E-04 0.304350E-04 0.892630E-03
 0.200356E-03 0.266574E-04 0.316598E-04 0.866898E-03
 0.194941E-03 0.248650E-04 0.329983E-04 0.839661E-03
 0.190122E-03 0.230793E-04 0.343213E-04 0.816954E-03
 0.186853E-03 0.216570E-04 0.355053E-04 0.799353E-03
 0.184953E-03 0.208935E-04 0.363751E-04 0.784703E-03
 0.183725E-03 0.206518E-04 0.367952E-04 0.774198E-03
 0.183464E-03 0.207969E-04 0.366731E-04 0.768484E-03
 0.183995E-03 0.211985E-04 0.359621E-04 0.767929E-03
 0.185236E-03 0.217596E-04 0.345808E-04 0.770369E-03
 0.186467E-03 0.223894E-04 0.325459E-04 0.773147E-03
 0.187076E-03 0.230471E-04 0.305302E-04 0.774892E-03
 0.186786E-03 0.237364E-04 0.289183E-04 0.773537E-03
 0.185489E-03 0.244219E-04 0.275972E-04 0.767145E-03
 0.182998E-03 0.250573E-04 0.266809E-04 0.755670E-03
 0.178885E-03 0.256471E-04 0.261511E-04 0.737233E-03
 0.173469E-03 0.261689E-04 0.260362E-04 0.712258E-03
 0.167514E-03 0.266504E-04 0.263034E-04 0.682345E-03
 0.160974E-03 0.271634E-04 0.269253E-04 0.649707E-03
 0.154482E-03 0.277534E-04 0.277547E-04 0.618777E-03
 0.148368E-03 0.283834E-04 0.286301E-04 0.590036E-03
 0.142776E-03 0.289363E-04 0.294099E-04 0.564041E-03
 0.138038E-03 0.293485E-04 0.299890E-04 0.542116E-03
 0.134178E-03 0.296278E-04 0.302584E-04 0.524528E-03
 0.131145E-03 0.297777E-04 0.301321E-04 0.511219E-03
 0.128949E-03 0.298193E-04 0.294979E-04 0.502679E-03
 0.127901E-03 0.297542E-04 0.283765E-04 0.501357E-03
 0.128516E-03 0.295499E-04 0.267649E-04 0.509329E-03
 0.130099E-03 0.291793E-04 0.251718E-04 0.520183E-03
 0.131515E-03 0.286617E-04 0.239610E-04 0.529716E-03
 0.132113E-03 0.279870E-04 0.230021E-04 0.535743E-03
 0.131460E-03 0.272214E-04 0.223467E-04 0.535883E-03
 0.129774E-03 0.265800E-04 0.219947E-04 0.530279E-03
 0.127256E-03 0.259628E-04 0.219745E-04 0.518528E-03
 0.124128E-03 0.253936E-04 0.222042E-04 0.502925E-03
 0.120830E-03 0.249197E-04 0.226106E-04 0.489838E-03
 0.117888E-03 0.248625E-04 0.231015E-04 0.478738E-03
 0.115070E-03 0.249064E-04 0.236027E-04 0.470792E-03
 0.112991E-03 0.248614E-04 0.240495E-04 0.465654E-03
 0.111293E-03 0.246678E-04 0.243276E-04 0.464219E-03
 0.110427E-03 0.242858E-04 0.243596E-04 0.467873E-03
 0.110704E-03 0.239297E-04 0.240622E-04 0.475033E-03
 0.111680E-03 0.239392E-04 0.234387E-04 0.482970E-03
 0.112580E-03 0.243932E-04 0.224112E-04 0.490191E-03
 0.113462E-03 0.248051E-04 0.209744E-04 0.495945E-03
 0.114131E-03 0.249756E-04 0.197028E-04 0.500183E-03
 0.114719E-03 0.248889E-04 0.187976E-04 0.502912E-03
 0.114798E-03 0.245481E-04 0.181721E-04 0.503877E-03
 0.114271E-03 0.239807E-04 0.178691E-04 0.502075E-03
 0.112928E-03 0.232001E-04 0.178657E-04 0.496631E-03
 0.110783E-03 0.222722E-04 0.181605E-04 0.487288E-03
 0.108279E-03 0.212676E-04 0.187013E-04 0.474826E-03
 0.105226E-03 0.201771E-04 0.193701E-04 0.459343E-03
 0.101973E-03 0.190577E-04 0.200447E-04 0.441515E-03
 0.987226E-04 0.179242E-04 0.206537E-04 0.424051E-03
 0.956540E-04 0.167928E-04 0.211431E-04 0.408381E-03
 0.931054E-04 0.156861E-04 0.214489E-04 0.395360E-03
 0.914383E-04 0.146514E-04 0.215177E-04 0.385897E-03
 0.906534E-04 0.136937E-04 0.213228E-04 0.380423E-03
 0.906800E-04 0.128515E-04 0.208155E-04 0.378949E-03
 0.911751E-04 0.122049E-04 0.199817E-04 0.380390E-03
 0.918547E-04 0.117369E-04 0.188148E-04 0.382902E-03
 0.925418E-04 0.113967E-04 0.177277E-04 0.385940E-03
 0.930962E-04 0.111934E-04 0.169258E-04 0.389052E-03
 0.932745E-04 0.110558E-04 0.163241E-04 0.389824E-03
 0.928498E-04 0.109943E-04 0.159489E-04 0.387761E-03
 0.918453E-04 0.109856E-04 0.157702E-04 0.381888E-03
 0.903420E-04 0.110322E-04 0.158176E-04 0.372543E-03
 0.884833E-04 0.111052E-04 0.160536E-04 0.360925E-03
 0.865484E-04 0.111977E-04 0.164526E-04 0.349669E-03
 0.846181E-04 0.113036E-04 0.169049E-04 0.339110E-03
 0.827503E-04 0.114226E-04 0.173517E-04 0.329514E-03
 0.809621E-04 0.115097E-04 0.177464E-04 0.320732E-03
 0.793623E-04 0.115805E-04 0.180253E-04 0.313687E-03
 0.782047E-04 0.115859E-04 0.181553E-04 0.308341E-03
 0.774275E-04 0.115471E-04 0.180700E-04 0.305493E-03
 0.770385E-04 0.114191E-04 0.177232E-04 0.304715E-03
 0.770918E-04 0.112209E-04 0.171172E-04 0.305898E-03
 0.775946E-04 0.109941E-04 0.162116E-04 0.308910E-03
 0.781967E-04 0.107233E-04 0.153396E-04 0.312753E-03
 0.785275E-04 0.104119E-04 0.147118E-04 0.315533E-03
 0.783966E-04 0.100754E-04 0.142235E-04 0.316216E-03
 0.777843E-04 0.968599E-05 0.138866E-04 0.314201E-03
 0.764683E-04 0.925300E-05 0.137034E-04 0.308851E-03
 0.748760E-04 0.880756E-05 0.136838E-04 0.301093E-03
 0.735412E-04 0.840906E-05 0.138132E-04 0.293389E-03
 0.723488E-04 0.801169E-05 0.140346E-04 0.287220E-03
 0.713206E-04 0.764630E-05 0.142986E-04 0.282579E-03
 0.704076E-04 0.730356E-05 0.145441E-04 0.278493E-03
 0.698575E-04 0.699029E-05 0.147418E-04 0.276157E-03
 0.693629E-04 0.668291E-05 0.148704E-04 0.274348E-03
 0.692928E-04 0.638738E-05 0.148899E-04 0.274248E-03
 0.696265E-04 0.614264E-05 0.147620E-04 0.275296E-03
 0.701692E-04 0.602411E-05 0.144602E-04 0.278165E-03
 0.709222E-04 0.602617E-05 0.139307E-04 0.281578E-03
 0.717476E-04 0.613516E-05 0.131662E-04 0.285299E-03
 0.725707E-04 0.629322E-05 0.125033E-04 0.289437E-03
 0.734602E-04 0.647578E-05 0.120228E-04 0.293465E-03
 0.740007E-04 0.663378E-05 0.116798E-04 0.296205E-03
 0.741422E-04 0.676356E-05 0.114884E-04 0.297214E-03
 0.739531E-04 0.691606E-05 0.114132E-04 0.296255E-03
 0.731508E-04 0.706717E-05 0.114618E-04 0.292929E-03
 0.720858E-04 0.718179E-05 0.116175E-04 0.287348E-03
 0.706381E-04 0.725920E-05 0.118487E-04 0.279372E-03
 0.689879E-04 0.730204E-05 0.120872E-04 0.271163E-03
